This is pdfTeX, Version 3.1415926-1.40.11 (TeX Live 2010) (format=latex 2011.1.18)  4 FEB 2011 12:00
entering extended mode
 restricted \write18 enabled.
 %&-line parsing enabled.
**OQB.tex
(./OQB.tex
LaTeX2e <2009/09/24>
Babel <v3.8l> and hyphenation patterns for english, dumylang, nohyphenation, ge
rman-x-2009-06-19, ngerman-x-2009-06-19, ancientgreek, ibycus, arabic, armenian
, basque, bulgarian, catalan, pinyin, coptic, croatian, czech, danish, dutch, u
kenglish, usenglishmax, esperanto, estonian, farsi, finnish, french, galician, 
german, ngerman, swissgerman, monogreek, greek, hungarian, icelandic, assamese,
 bengali, gujarati, hindi, kannada, malayalam, marathi, oriya, panjabi, tamil, 
telugu, indonesian, interlingua, irish, italian, kurmanji, lao, latin, latvian,
 lithuanian, mongolian, mongolianlmc, bokmal, nynorsk, polish, portuguese, roma
nian, russian, sanskrit, serbian, slovak, slovenian, spanish, swedish, turkish,
 turkmen, ukrainian, uppersorbian, welsh, loaded.
(/usr/local/texlive/2010/texmf-dist/tex/latex/koma-script/scrbook.cls
Document Class: scrbook 2010/06/17 v3.06 KOMA-Script document class (book)
(/usr/local/texlive/2010/texmf-dist/tex/latex/koma-script/scrkbase.sty
Package: scrkbase 2010/06/17 v3.06 KOMA-Script package (KOMA-Script-dependent b
asics and keyval usage)

(/usr/local/texlive/2010/texmf-dist/tex/latex/koma-script/scrbase.sty
Package: scrbase 2010/06/17 v3.06 KOMA-Script package (KOMA-Script-independent 
basics and keyval usage)

(/usr/local/texlive/2010/texmf-dist/tex/latex/graphics/keyval.sty
Package: keyval 1999/03/16 v1.13 key=value parser (DPC)
\KV@toks@=\toks14
)
(/usr/local/texlive/2010/texmf-dist/tex/latex/koma-script/scrlfile.sty
Package: scrlfile 2009/03/25 v3.03 KOMA-Script package (loading files)

Package scrlfile, 2009/03/25 v3.03 KOMA-Script package (loading files)
                  Copyright (C) Markus Kohm

))) (/usr/local/texlive/2010/texmf-dist/tex/latex/koma-script/tocbasic.sty
Package: tocbasic 2010/06/09 v3.06 KOMA-Script package (handling toc-files)
)
Package tocbasic Info: omitting babel extension for `toc'
(tocbasic)             because of feature `nobabel' available
(tocbasic)             for `toc' on input line 117.
Package tocbasic Info: omitting babel extension for `lof'
(tocbasic)             because of feature `nobabel' available
(tocbasic)             for `lof' on input line 118.
Package tocbasic Info: omitting babel extension for `lot'
(tocbasic)             because of feature `nobabel' available
(tocbasic)             for `lot' on input line 119.
Package scrbook Info: You've used obsolete option `12pt'.
(scrbook)             \KOMAExecuteOptions{fontsize=12pt} will be
(scrbook)             used instead.
(scrbook)             You may simply replace `12pt'
(scrbook)             by `fontsize=12pt'.


Class scrbook Warning: You've used obsolete option `smallheadings'.
(scrbook)              Usage of this option indicates an old document and
(scrbook)              changes compatibility level using
(scrbook)              `headings=small,version=first'.
(scrbook)              If you don't want this, you should simply replace
(scrbook)              usage of option `smallheadings' by `headings=small'.

Class scrbook Info: Switching compatibility level to `first'.
Class scrbook Info: File `scrsize12pt.clo' used to setup font sizes on input li
ne 1310.
(/usr/local/texlive/2010/texmf-dist/tex/latex/koma-script/scrsize12pt.clo
File: scrsize12pt.clo 2010/06/17 v3.06 KOMA-Script font size class option (12pt
)
)
(/usr/local/texlive/2010/texmf-dist/tex/latex/koma-script/typearea.sty
Package: typearea 2010/06/17 v3.06 KOMA-Script package (type area)

Package typearea, 2010/06/17 v3.06 KOMA-Script package (type area)
                  Copyright (C) Frank Neukam, 1992-1994
                  Copyright (C) Markus Kohm, 1994-

\ta@bcor=\skip41
\ta@div=\count79
Package typearea Info: You've used standard option `a4paper'.
(typearea)             This is correct!
(typearea)             Internally I'm using `paper=a4'.
(typearea)             If you'd like to set the option with \KOMAoptions,
(typearea)             you'd have to use `paper=a4' there
(typearea)             instead of `a4paper', too.
\ta@hblk=\skip42
\ta@vblk=\skip43
\ta@temp=\skip44
Package typearea Info: These are the values describing the layout:
(typearea)             DIV  = 12
(typearea)             BCOR = 0.0pt
(typearea)             \paperwidth      = 597.50793pt
(typearea)              \textwidth      = 448.13095pt
(typearea)              DIV departure   = -6%
(typearea)              \evensidemargin = 27.31467pt
(typearea)              \oddsidemargin  = -22.47766pt
(typearea)             \paperheight     = 845.04694pt
(typearea)              \textheight     = 635.5pt
(typearea)              \topmargin      = -41.72441pt
(typearea)              \headheight     = 18.125pt
(typearea)              \headsep        = 21.75pt
(typearea)              \topskip        = 12.0pt
(typearea)              \footskip       = 50.75pt
(typearea)              \baselineskip   = 14.5pt
(typearea)              on input line 1133.
)
\c@part=\count80
\c@chapter=\count81
\c@section=\count82
\c@subsection=\count83
\c@subsubsection=\count84
\c@paragraph=\count85
\c@subparagraph=\count86
\abovecaptionskip=\skip45
\belowcaptionskip=\skip46
\c@pti@nb@sid@b@x=\box26
\c@figure=\count87
\c@table=\count88
\bibindent=\dimen102
) (/usr/local/texlive/2010/texmf-dist/tex/latex/pst-tree/pst-tree.sty
(/usr/local/texlive/2010/texmf-dist/tex/latex/pstricks/pstricks.sty
Package: pstricks 2010/06/17 v0.45 LaTeX wrapper for `PSTricks' (RN,HV)

(/usr/local/texlive/2010/texmf-dist/tex/generic/pstricks/pstricks.tex
(/usr/local/texlive/2010/texmf-dist/tex/generic/xkeyval/pst-xkey.tex
File: pst-xkey.tex 2005/11/25 v1.6 PSTricks specialization of xkeyval (HA)

(/usr/local/texlive/2010/texmf-dist/tex/latex/xkeyval/xkeyval.sty
Package: xkeyval 2008/08/13 v2.6a package option processing (HA)

(/usr/local/texlive/2010/texmf-dist/tex/generic/xkeyval/xkeyval.tex
\XKV@toks=\toks15
\XKV@tempa@toks=\toks16
\XKV@depth=\count89
File: xkeyval.tex 2008/08/13 v2.6a key=value parser (HA)
)))
(/usr/local/texlive/2010/texmf-dist/tex/generic/pstricks/pst-fp.tex
`pst-fp' v0.06, 2010/05/14 (hv)
\pstFP@xs=\count90
\pstFP@xia=\count91
\pstFP@xib=\count92
\pstFP@xfa=\count93
\pstFP@xfb=\count94
\pstFP@rega=\count95
\pstFP@regb=\count96
\pstFP@regs=\count97
\pstFP@times=\count98
)
\psLoopIndex=\count99

`PSTricks' v2.08  <2010/06/06> (tvz)
\pst@dima=\dimen103
\pst@dimb=\dimen104
\pst@dimc=\dimen105
\pst@dimd=\dimen106
\pst@dimg=\dimen107
\pst@dimh=\dimen108
\pst@dimm=\dimen109
\pst@dimn=\dimen110
\pst@dimo=\dimen111
\pst@dimp=\dimen112
\pst@hbox=\box27
\pst@boxg=\box28
\pst@cnta=\count100
\pst@cntb=\count101
\pst@cntc=\count102
\pst@cntd=\count103
\pst@cntg=\count104
\pst@cnth=\count105
\pst@cntm=\count106
\pst@cntn=\count107
\pst@cnto=\count108
\pst@cntp=\count109
\@zero=\count110
\pst@toks=\toks17
(/usr/local/texlive/2010/texmf-dist/tex/generic/pstricks/pstricks.con)
\psunit=\dimen113
\psxunit=\dimen114
\psyunit=\dimen115
\pslinewidth=\dimen116
\pst@customdefs=\toks18
\pslinearc=\dimen117
\pst@symbolStep=\dimen118
\pst@symbolWidth=\dimen119
\everypsbox=\toks19
\psframesep=\dimen120
\pslabelsep=\dimen121
\pst@shift=\dimen122
\theoverlaybox=\box29
)
File: pstricks.tex 2010/06/06 v2.08 `PSTricks' (tvz,hv)

(/usr/local/texlive/2010/texmf-dist/tex/generic/pstricks/pst-fp.tex)
File: pst-fp.tex 2010/06/06 v2.08 `PST-fp' (hv)

(/usr/local/texlive/2010/texmf-dist/tex/latex/xcolor/xcolor.sty
Package: xcolor 2007/01/21 v2.11 LaTeX color extensions (UK)

(/usr/local/texlive/2010/texmf-dist/tex/latex/latexconfig/color.cfg
File: color.cfg 2007/01/18 v1.5 color configuration of teTeX/TeXLive
)
Package xcolor Info: Driver file: dvips.def on input line 225.

(/usr/local/texlive/2010/texmf-dist/tex/latex/graphics/dvips.def
File: dvips.def 1999/02/16 v3.0i Driver-dependant file (DPC,SPQR)
)
Package xcolor Info: Model `cmy' substituted by `cmy0' on input line 1337.
Package xcolor Info: Model `RGB' extended on input line 1353.
Package xcolor Info: Model `HTML' substituted by `rgb' on input line 1355.
Package xcolor Info: Model `Hsb' substituted by `hsb' on input line 1356.
Package xcolor Info: Model `tHsb' substituted by `hsb' on input line 1357.
Package xcolor Info: Model `HSB' substituted by `hsb' on input line 1358.
Package xcolor Info: Model `Gray' substituted by `gray' on input line 1359.
Package xcolor Info: Model `wave' substituted by `hsb' on input line 1360.
))
Package: pst-tree 2009/01/25 package wrapper for pst-tree.tex

(/usr/local/texlive/2010/texmf-dist/tex/generic/pst-tree/pst-tree.tex
(/usr/local/texlive/2010/texmf-dist/tex/generic/pst-node/pst-node.tex
 v1.13, 2010/06/06
\psrow=\count111
\pscol=\count112
\psmatrixcnt=\count113
\psrowsep=\skip47
\pscolsep=\skip48
\pst@args=\count114
\num@pts=\count115
\pst@argcnt=\count116
)  v1.11, 2009/09/17(tvz,dg,hv)
\pstree@rootbox=\box30
\pstree@box=\box31
\psnodecnt=\count117
\pstreelevel=\count118
\pstreecnt=\count119
\pstree@cnt=\count120
\pstree@stop=\count121
)
File: pst-tree.tex 2009/09/17 1.11 `pst-tree' (tvz,hv)
)
(/usr/local/texlive/2010/texmf-dist/tex/latex/fancyvrb/fancyvrb.sty
Package: fancyvrb 2008/02/07

Style option: `fancyvrb' v2.7a, with DG/SPQR fixes, and firstline=lastline fix 
<2008/02/07> (tvz)
\FV@CodeLineNo=\count122
\FV@InFile=\read1
\FV@TabBox=\box32
\c@FancyVerbLine=\count123
\FV@StepNumber=\count124
\FV@OutFile=\write3
) (/usr/local/texlive/2010/texmf-dist/tex/latex/pbox/pbox.sty
Package: pbox 2003/04/06 v1.0 Dynamic parboxes
(/usr/local/texlive/2010/texmf-dist/tex/latex/tools/calc.sty
Package: calc 2007/08/22 v4.3 Infix arithmetic (KKT,FJ)
\calc@Acount=\count125
\calc@Bcount=\count126
\calc@Adimen=\dimen123
\calc@Bdimen=\dimen124
\calc@Askip=\skip49
\calc@Bskip=\skip50
LaTeX Info: Redefining \setlength on input line 76.
LaTeX Info: Redefining \addtolength on input line 77.
\calc@Ccount=\count127
\calc@Cskip=\skip51
)
(/usr/local/texlive/2010/texmf-dist/tex/latex/base/ifthen.sty
Package: ifthen 2001/05/26 v1.1c Standard LaTeX ifthen package (DPC)
)
\pb@xlen=\skip52
)
(/usr/local/texlive/2010/texmf-dist/tex/latex/amsmath/amsmath.sty
Package: amsmath 2000/07/18 v2.13 AMS math features
\@mathmargin=\skip53

For additional information on amsmath, use the `?' option.
(/usr/local/texlive/2010/texmf-dist/tex/latex/amsmath/amstext.sty
Package: amstext 2000/06/29 v2.01

(/usr/local/texlive/2010/texmf-dist/tex/latex/amsmath/amsgen.sty
File: amsgen.sty 1999/11/30 v2.0
\@emptytoks=\toks20
\ex@=\dimen125
))
(/usr/local/texlive/2010/texmf-dist/tex/latex/amsmath/amsbsy.sty
Package: amsbsy 1999/11/29 v1.2d
\pmbraise@=\dimen126
)
(/usr/local/texlive/2010/texmf-dist/tex/latex/amsmath/amsopn.sty
Package: amsopn 1999/12/14 v2.01 operator names
)
\inf@bad=\count128
LaTeX Info: Redefining \frac on input line 211.
\uproot@=\count129
\leftroot@=\count130
LaTeX Info: Redefining \overline on input line 307.
\classnum@=\count131
\DOTSCASE@=\count132
LaTeX Info: Redefining \ldots on input line 379.
LaTeX Info: Redefining \dots on input line 382.
LaTeX Info: Redefining \cdots on input line 467.
\Mathstrutbox@=\box33
\strutbox@=\box34
\big@size=\dimen127
LaTeX Font Info:    Redeclaring font encoding OML on input line 567.
LaTeX Font Info:    Redeclaring font encoding OMS on input line 568.
\macc@depth=\count133
\c@MaxMatrixCols=\count134
\dotsspace@=\muskip10
\c@parentequation=\count135
\dspbrk@lvl=\count136
\tag@help=\toks21
\row@=\count137
\column@=\count138
\maxfields@=\count139
\andhelp@=\toks22
\eqnshift@=\dimen128
\alignsep@=\dimen129
\tagshift@=\dimen130
\tagwidth@=\dimen131
\totwidth@=\dimen132
\lineht@=\dimen133
\@envbody=\toks23
\multlinegap=\skip54
\multlinetaggap=\skip55
\mathdisplay@stack=\toks24
LaTeX Info: Redefining \[ on input line 2666.
LaTeX Info: Redefining \] on input line 2667.
)
(/usr/local/texlive/2010/texmf-dist/tex/latex/titlesec/titlesec.sty
Package: titlesec 2007/08/12 v2.8 Sectioning titles
\ttl@box=\box35
\beforetitleunit=\skip56
\aftertitleunit=\skip57
\ttl@plus=\dimen134
\ttl@minus=\dimen135
\ttl@toksa=\toks25
\titlewidth=\dimen136
\titlewidthlast=\dimen137
\titlewidthfirst=\dimen138
)
(/usr/local/texlive/2010/texmf-dist/tex/latex/ntgclass/a4.sty
Package: a4 2004/04/15 v1.2g A4 based page layout
)
(/usr/local/texlive/2010/texmf-dist/tex/latex/graphics/graphicx.sty
Package: graphicx 1999/02/16 v1.0f Enhanced LaTeX Graphics (DPC,SPQR)

(/usr/local/texlive/2010/texmf-dist/tex/latex/graphics/graphics.sty
Package: graphics 2009/02/05 v1.0o Standard LaTeX Graphics (DPC,SPQR)

(/usr/local/texlive/2010/texmf-dist/tex/latex/graphics/trig.sty
Package: trig 1999/03/16 v1.09 sin cos tan (DPC)
)
(/usr/local/texlive/2010/texmf-dist/tex/latex/latexconfig/graphics.cfg
File: graphics.cfg 2010/04/23 v1.9 graphics configuration of TeX Live
)
Package graphics Info: Driver file: dvips.def on input line 91.
)
\Gin@req@height=\dimen139
\Gin@req@width=\dimen140
)
(/usr/local/texlive/2010/texmf-dist/tex/latex/mparhack/mparhack.sty
Package: mparhack 2005/04/17 v1.4 (T. Sgouros and S. Ulrich)
)
(/usr/local/texlive/2010/texmf-dist/tex/generic/babel/babel.sty
Package: babel 2008/07/06 v3.8l The Babel package

(/usr/local/texlive/2010/texmf-dist/tex/generic/babel/italian.ldf
Language: italian 2008/03/14 v1.2t Italian support from the babel system

(/usr/local/texlive/2010/texmf-dist/tex/generic/babel/babel.def
File: babel.def 2008/07/06 v3.8l Babel common definitions
\babel@savecnt=\count140
\U@D=\dimen141
)
Package babel Info: Making " an active character on input line 94.
)
(/usr/local/texlive/2010/texmf-dist/tex/generic/babel/english.ldf
Language: english 2005/03/30 v3.3o English support from the babel system
\l@canadian = a dialect from \language\l@american 
\l@australian = a dialect from \language\l@british 
\l@newzealand = a dialect from \language\l@british 
))
(/usr/local/texlive/2010/texmf-dist/tex/latex/natbib/natbib.sty
Package: natbib 2009/11/07 8.31a (PWD, AO)
\bibhang=\skip58
\bibsep=\skip59
LaTeX Info: Redefining \cite on input line 694.
\c@NAT@ctr=\count141
)
(/usr/local/texlive/2010/texmf-dist/tex/latex/caption/caption.sty
Package: caption 2010/01/09 v3.1m Customizing captions (AR)

(/usr/local/texlive/2010/texmf-dist/tex/latex/caption/caption3.sty
Package: caption3 2010/01/14 v3.1m caption3 kernel (AR)
\captionmargin=\dimen142
\captionmargin@=\dimen143
\captionwidth=\dimen144
\caption@indent=\dimen145
\caption@parindent=\dimen146
\caption@hangindent=\dimen147
)
Package caption Info: KOMA-Script document class.
\c@ContinuedFloat=\count142
)
(/usr/local/texlive/2010/texmf-dist/tex/latex/koma-script/scrpage2.sty
Package: scrpage2 2010/04/22 v2.5 LaTeX2e KOMA-Script package
LaTeX Info: Redefining \pagemark on input line 176.
)
(./OQB.aux)
\openout1 = `OQB.aux'.

LaTeX Font Info:    Checking defaults for OML/cmm/m/it on input line 133.
LaTeX Font Info:    ... okay on input line 133.
LaTeX Font Info:    Checking defaults for T1/cmr/m/n on input line 133.
LaTeX Font Info:    ... okay on input line 133.
LaTeX Font Info:    Checking defaults for OT1/cmr/m/n on input line 133.
LaTeX Font Info:    ... okay on input line 133.
LaTeX Font Info:    Checking defaults for OMS/cmsy/m/n on input line 133.
LaTeX Font Info:    ... okay on input line 133.
LaTeX Font Info:    Checking defaults for OMX/cmex/m/n on input line 133.
LaTeX Font Info:    ... okay on input line 133.
LaTeX Font Info:    Checking defaults for U/cmr/m/n on input line 133.
LaTeX Font Info:    ... okay on input line 133.
LaTeX Font Info:    Checking defaults for LGR/cmr/m/n on input line 133.
LaTeX Font Info:    Try loading font information for LGR+cmr on input line 133.

 (/usr/local/texlive/2010/texmf-dist/tex/generic/babel/lgrcmr.fd
File: lgrcmr.fd 2008/06/17 v2.3 Greek Computer Modern
)
LaTeX Font Info:    ... okay on input line 133.


LaTeX Font Warning: Font shape `OT1/cmss/m/up' undefined
(Font)              using `OT1/cmss/m/n' instead on input line 133.

Package caption Info: Begin \AtBeginDocument code.
Package caption Info: End \AtBeginDocument code.

LaTeX Font Warning: Font shape `OT1/cmss/m/it' in size <12> not available
(Font)              Font shape `OT1/cmss/m/sl' tried instead on input line 141.



LaTeX Font Warning: Font shape `OT1/cmss/bx/up' undefined
(Font)              using `OT1/cmss/bx/n' instead on input line 141.


LaTeX Warning: No \author given.

[1



]
Underfull \hbox (badness 10000) in paragraph at lines 141--141

 []


Underfull \hbox (badness 10000) in paragraph at lines 141--141

 []


Underfull \hbox (badness 10000) in paragraph at lines 141--141

 []


Underfull \hbox (badness 10000) in paragraph at lines 141--141

 []

[2

] (./OQB.toc [3

]
File: ./Figures/openquake_logo1.eps Graphic file (type eps)
 <./Figures/openquake_logo1.eps> [4])
\tf@toc=\write4
\openout4 = `OQB.toc'.

File: ./Figures/openquake_logo1.eps Graphic file (type eps)

<./Figures/openquake_logo1.eps> [5]
File: ./Figures/openquake_logo1.eps Graphic file (type eps)
 <./Figures/openquake_logo1.eps> [6

]
(./Part_Introduction/symbolsAcronyms.tex) [7]
File: ./Figures/openquake_logo1.eps Graphic file (type eps)
 <./Figures/openquake_logo1.eps>
[8

] [9] [10]
Chapter 1.
(./Part_Introduction/introduction.tex
File: ./Figures/openquake_logo1.eps Graphic file (type eps)
 <./Figures/openquake_logo1.eps>) [11

]
File: ./Figures/openquake_logo1.eps Graphic file (type eps)

<./Figures/openquake_logo1.eps> [12]
Chapter 2.
(./Part_Introduction/it.tex) [13

]
File: ./Figures/openquake_logo1.eps Graphic file (type eps)
 <./Figures/openquake_logo1.eps> [14

] [15]
[16]
Chapter 3.
(./Part_Hazard/introduction.tex) [17

]
File: ./Figures/openquake_logo1.eps Graphic file (type eps)
 <./Figures/openquake_logo1.eps> [18

]
Chapter 4.
(./Part_Hazard/unifiedSeismicSourceDescription.tex
Underfull \vbox (badness 3098) has occurred while \output is active []

 [19]
File: ./Figures/openquake_logo1.eps Graphic file (type eps)

<./Figures/openquake_logo1.eps> [20]
File: ./Figures/Part_Hazard/logic_tree_schema.eps Graphic file (type eps)

<./Figures/Part_Hazard/logic_tree_schema.eps>
Overfull \hbox (14.85257pt too wide) in paragraph at lines 159--161
[][] 
 []


LaTeX Font Warning: Font shape `OT1/cmtt/m/up' undefined
(Font)              using `OT1/cmtt/m/n' instead on input line 173.


LaTeX Font Warning: Font shape `OT1/cmr/m/up' undefined
(Font)              using `OT1/cmr/m/n' instead on input line 174.

LaTeX Font Info:    Try loading font information for OMS+cmss on input line 236
.
LaTeX Font Info:    No file OMScmss.fd. on input line 236.

LaTeX Font Warning: Font shape `OMS/cmss/m/up' undefined
(Font)              using `OMS/cmsy/m/n' instead
(Font)              for symbol `textbullet' on input line 236.

File: ./Figures/openquake_logo1.eps Graphic file (type eps)
<./Figures/openquake_logo1.eps> [21]
File: ./Figures/openquake_logo1.eps Graphic file (type eps)
 <./Figures/openquake_logo1.eps> [22]
File: ./Figures/openquake_logo1.eps Graphic file (type eps)

<./Figures/openquake_logo1.eps> [23]
File: ./Figures/openquake_logo1.eps Graphic file (type eps)
 <./Figures/openquake_logo1.eps> [24]
File: ./Figures/openquake_logo1.eps Graphic file (type eps)

<./Figures/openquake_logo1.eps> [25]

LaTeX Warning: Marginpar on page 26 moved.

File: ./Figures/openquake_logo1.eps Graphic file (type eps)
<./Figures/openquake_logo1.eps> [26])
File: ./Figures/openquake_logo1.eps Graphic file (type eps)
 <./Figures/openquake_logo1.eps> [27]
File: ./Figures/openquake_logo1.eps Graphic file (type eps)

<./Figures/openquake_logo1.eps> [28

]
Chapter 5.
(./Part_Hazard/eqk_Rupture_Forecast_Calculator.tex [29])
File: ./Figures/openquake_logo1.eps Graphic file (type eps)

<./Figures/openquake_logo1.eps> [30]
Chapter 6.
(./Part_Hazard/kernel_classical_PSHA.tex [31

]
Overfull \hbox (92.34833pt too wide) detected at line 56
\OML/cmm/m/it/12 P\OT1/cmr/m/n/12 (\OML/cmm/m/it/12 U \OMS/cmss/m/up/12 ^^U \OM
L/cmm/m/it/12 u\OT1/cmr/m/n/12 ) = 1 \OMS/cmss/m/up/12 ^^@ [] []
 []

)
File: ./Figures/openquake_logo1.eps Graphic file (type eps)
 <./Figures/openquake_logo1.eps> [32]
Chapter 7.
(./Part_Hazard/kernel_Stochastic_PSHA.tex [33

])
File: ./Figures/openquake_logo1.eps Graphic file (type eps)

<./Figures/openquake_logo1.eps> [34]
Chapter 8.
(./Part_Hazard/wessonMethod.tex [35

])
File: ./Figures/openquake_logo1.eps Graphic file (type eps)
 <./Figures/openquake_logo1.eps> [36]
[37

] [38]
Chapter 9.
(./Part_Risk/Risk_Input_Description.tex [39

]
File: ./Figures/Part_Risk/VFDiscrete.eps Graphic file (type eps)

<./Figures/Part_Risk/VFDiscrete.eps>
File: ./Figures/openquake_logo1.eps Graphic file (type eps)
 <./Figures/openquake_logo1.eps> [40]
File: ./Figures/Part_Risk/VFContinuous.eps Graphic file (type eps)

<./Figures/Part_Risk/VFContinuous.eps>
File: ./Figures/openquake_logo1.eps Graphic file (type eps)
 <./Figures/openquake_logo1.eps> [41]
File: ./Figures/Part_Risk/FFDiscrete.eps Graphic file (type eps)

<./Figures/Part_Risk/FFDiscrete.eps>
File: ./Figures/Part_Risk/FFContinuous.eps Graphic file (type eps)
 <./Figures/Part_Risk/FFContinuous.eps>
File: ./Figures/openquake_logo1.eps Graphic file (type eps)

<./Figures/openquake_logo1.eps> [42]
File: ./Figures/Part_Risk/ConsequenceFunction.eps Graphic file (type eps)

<./Figures/Part_Risk/ConsequenceFunction.eps>)
File: ./Figures/openquake_logo1.eps Graphic file (type eps)
 <./Figures/openquake_logo1.eps>
[43]
File: ./Figures/openquake_logo1.eps Graphic file (type eps)
 <./Figures/openquake_logo1.eps> [44

]
Chapter 10.
(./Part_Risk/Deterministic_Event_Based.tex
File: ./Figures/Part_Risk/Scheme_Deter_calc.eps Graphic file (type eps)

<./Figures/Part_Risk/Scheme_Deter_calc.eps> [45]
File: ./Figures/Part_Risk/VF_intervals.eps Graphic file (type eps)

<./Figures/Part_Risk/VF_intervals.eps>
File: ./Figures/openquake_logo1.eps Graphic file (type eps)
 <./Figures/openquake_logo1.eps> [46]
File: ./Figures/openquake_logo1.eps Graphic file (type eps)

<./Figures/openquake_logo1.eps> [47]
File: ./Figures/openquake_logo1.eps Graphic file (type eps)
 <./Figures/openquake_logo1.eps> [48])
File: ./Figures/openquake_logo1.eps Graphic file (type eps)

<./Figures/openquake_logo1.eps> [49]
File: ./Figures/openquake_logo1.eps Graphic file (type eps)
 <./Figures/openquake_logo1.eps> [50

]
Chapter 11.
(./Part_Risk/Classical_PSHA_Based.tex
File: ./Figures/Part_Risk/Scheme_PSHA_calc.eps Graphic file (type eps)

<./Figures/Part_Risk/Scheme_PSHA_calc.eps> [51]
File: ./Figures/Part_Risk/ProbOccurrence.eps Graphic file (type eps)

<./Figures/Part_Risk/ProbOccurrence.eps>
File: ./Figures/openquake_logo1.eps Graphic file (type eps)
 <./Figures/openquake_logo1.eps>
[52]
File: ./Figures/Part_Risk/LREM.eps Graphic file (type eps)
 <./Figures/Part_Risk/LREM.eps>
File: ./Figures/openquake_logo1.eps Graphic file (type eps)
 <./Figures/openquake_logo1.eps> [53])
File: ./Figures/openquake_logo1.eps Graphic file (type eps)

<./Figures/openquake_logo1.eps> [54]
Chapter 12.
(./Part_Risk/Probabilistic_Event_Based.tex
File: ./Figures/Part_Risk/Scheme_Prob_calc.eps Graphic file (type eps)

<./Figures/Part_Risk/Scheme_Prob_calc.eps> [55

]
Underfull \hbox (badness 10000) in paragraph at lines 13--14

 []

File: ./Figures/openquake_logo1.eps Graphic file (type eps)
<./Figures/openquake_logo1.eps> [56])
File: ./Figures/openquake_logo1.eps Graphic file (type eps)
 <./Figures/openquake_logo1.eps> [57]
File: ./Figures/openquake_logo1.eps Graphic file (type eps)

<./Figures/openquake_logo1.eps> [58

] [59] [60] (./Part_SEIA/introduction.tex)
File: ./Figures/openquake_logo1.eps Graphic file (type eps)

<./Figures/openquake_logo1.eps> [61]
File: ./Figures/openquake_logo1.eps Graphic file (type eps)
 <./Figures/openquake_logo1.eps> [62

]
[63] [64]
Chapter 13.
(./Part_Modellers_Toolkit/introduction.tex) [65

]
File: ./Figures/openquake_logo1.eps Graphic file (type eps)

<./Figures/openquake_logo1.eps> [66

]
Chapter 14.
(./Part_Modellers_Toolkit/input.tex) [67]
File: ./Figures/openquake_logo1.eps Graphic file (type eps)
 <./Figures/openquake_logo1.eps>
[68

] [69] [70]
Appendix A.
(./Part_Appendix/appendixHazardInputExample.tex) [71

]
File: ./Figures/openquake_logo1.eps Graphic file (type eps)

<./Figures/openquake_logo1.eps> [72

]
Appendix B.
(./OQB.bbl [73]
File: ./Figures/openquake_logo1.eps Graphic file (type eps)
 <./Figures/openquake_logo1.eps> [74

]
Missing character: There is no Ð in font cmss12!
 [75])
File: ./Figures/openquake_logo1.eps Graphic file (type eps)

<./Figures/openquake_logo1.eps> [76] (./OQB.aux)

LaTeX Font Warning: Some font shapes were not available, defaults substituted.

 ) 
Here is how much of TeX's memory you used:
 7996 strings out of 493748
 117978 string characters out of 3143569
 251230 words of memory out of 3000000
 11126 multiletter control sequences out of 15000+200000
 12867 words of font info for 46 fonts, out of 3000000 for 9000
 714 hyphenation exceptions out of 8191
 55i,11n,92p,1251b,538s stack positions out of 5000i,500n,10000p,200000b,50000s

Output written on OQB.dvi (76 pages, 144860 bytes).
